<?xml version="1.0" encoding="windows-1252" standalone="no"?>
<!DOCTYPE log SYSTEM "logger.dtd">
<log>
<record>
  <date></date>
  <millis>1321710055254</millis>
  <sequence>0</sequence>
  <logger>com.javacodegeeks.snippets.core</logger>
  <level>SEVERE</level>
  <class>com.javacodegeeks.snippets.core.WriteLogEntriesToLogFile</class>
  <method>main</method>
  <thread>10</thread>
  <message>severe message</message>
</record>
<record>
  <date>2011-11-19T15:40:55</date>
  <millis>1321710055322</millis>
  <sequence>1</sequence>
  <logger>com.javacodegeeks.snippets.core</logger>
  <level>WARNING</level>
  <class>com.javacodegeeks.snippets.core.WriteLogEntriesToLogFile</class>
  <method>main</method>
  <thread>10</thread>
  <message>warning message</message>
</record>
<record>
  <date>2011-11-19T15:40:55</date>
  <millis>1321710055323</millis>
  <sequence>2</sequence>
  <logger>com.javacodegeeks.snippets.core</logger>
  <level>INFO</level>
  <class>com.javacodegeeks.snippets.core.WriteLogEntriesToLogFile</class>
  <method>main</method>
  <thread>10</thread>
  <message>info message</message>
</record>
</log>
